2021/12/21 20:05:43 user_id=1: Component modified
2021/12/21 20:05:44 user_id=1: Component modified
2021/12/21 21:54:33 user_id=1: (AddComponent) New component added
2021/12/21 22:05:31 user_id=1: (AddComponent) New component added
2021/12/21 22:08:10 user_id=1: (AddComponent) New component added
2021/12/21 22:16:01 user_id=1: (AddComponent) New component added
2021/12/21 22:17:51 user_id=1: (AddComponent) New component added
2021/12/21 22:18:38 user_id=1: (ModifyComponent) Component modified
2021/12/21 22:22:48 user_id=1: (AddComponent) New component added
2021/12/21 22:23:43 user_id=1: (AddComponent) New component added
2021/12/21 22:24:47 user_id=1: (ListComponents) Component deleted
2021/12/21 22:24:49 user_id=1: (ListComponents) Component deleted
2021/12/21 22:24:57 user_id=1: (ListComponents) Component deleted
2021/12/21 22:24:58 user_id=1: (ListComponents) Component deleted
2021/12/21 22:25:31 user_id=1: (AddComponent) New component added
2021/12/21 22:27:58 user_id=1: (AddComponent) New component added
2021/12/21 22:28:02 user_id=1: (AddComponent) New component added
2021/12/21 22:28:06 user_id=1: (AddComponent) New component added
2021/12/21 22:28:10 user_id=1: (ListComponents) Component deleted
2021/12/21 22:28:11 user_id=1: (ListComponents) Component deleted
2021/12/21 22:28:24 user_id=1: (AddComponent) New component added
2021/12/21 22:29:47 user_id=1: (AddComponent) New component added
2021/12/21 22:31:15 user_id=1: (AddComponent) New component added
2021/12/21 22:31:20 user_id=1: (ListComponents) Component deleted
2021/12/21 22:31:21 user_id=1: (ListComponents) Component deleted
2021/12/21 22:31:31 user_id=1: (AddComponent) New component added
2021/12/21 22:31:41 user_id=1: (AddComponent) New component added
2021/12/21 22:31:51 user_id=1: (AddComponent) New component added
2021/12/21 22:32:11 user_id=1: (ListComponents) Component deleted
2021/12/21 22:32:12 user_id=1: (ListComponents) Component deleted
2021/12/21 22:32:22 user_id=1: (ListComponents) Component deleted
2021/12/21 22:32:40 user_id=1: (ListComponents) Component deleted
2021/12/21 22:33:18 user_id=1: (AddComponent) New component added
2021/12/21 22:34:10 user_id=1: (AddComponent) New component added
2021/12/21 22:34:17 user_id=1: (AddComponent) New component added
2021/12/21 22:34:18 user_id=1: (AddComponent) New component added
2021/12/21 22:34:19 user_id=1: (AddComponent) New component added
2021/12/21 22:34:32 user_id=1: (AddComponent) New component added
2021/12/21 22:34:35 user_id=1: (ListComponents) Component deleted
2021/12/21 22:34:36 user_id=1: (ListComponents) Component deleted
2021/12/21 22:34:36 user_id=1: (ListComponents) Component deleted
2021/12/21 22:34:37 user_id=1: (ListComponents) Component deleted
2021/12/21 22:34:38 user_id=1: (ListComponents) Component deleted
2021/12/21 22:34:39 user_id=1: (ListComponents) Component deleted
2021/12/21 22:34:40 user_id=1: (ListComponents) Component deleted
2021/12/21 22:34:48 user_id=1: (AddComponent) New component added
2021/12/21 22:38:36 user_id=1: (ListComponents) Component deleted
2021/12/21 22:38:48 user_id=1: (AddComponent) New component added
2021/12/21 22:41:37 user_id=1: (ListComponents) Component deleted
2021/12/21 22:41:42 user_id=1: (AddComponent) New component added
2021/12/21 22:42:19 user_id=1: (ListComponents) Component deleted
2021/12/21 22:42:25 user_id=1: (AddComponent) New component added
2021/12/21 22:43:12 user_id=1: (ModifyComponent) Component modified
2021/12/22 17:42:24 user_id=1: (Login) logged in
2021/12/22 17:42:54 user_id=1: (AddUser) New user added
2021/12/22 17:43:56 user_id=1: (AddUser) New user added
2021/12/22 17:46:48 user_id=1: (AddUser) New user added
2021/12/22 17:49:51 user_id=1: (AddUser) New user added
2021/12/22 17:57:49 user_id=1: (ChangeEmail) Email changed
2021/12/22 17:58:20 user_id=1: (ChangeEmail) Email changed
2021/12/22 17:58:34 user_id=1: (ChangeEmail) Email changed
2021/12/22 18:04:59 user_id=1: (ChangePassword) Password changed
2021/12/22 18:05:52 user_id=1: (ChangePassword) Password changed
2021/12/22 18:33:18 user_id=1: (ListComponents) Component deleted
2021/12/22 18:33:37 user_id=1: (AddComponent) New component added
2021/12/23 10:03:28 user_id=4: (Login) logged in
2021/12/23 10:07:17 user_id=1: (Login) logged in
2021/12/23 10:17:42 user_id=1: (AddComponent) New component added
2021/12/23 10:19:45 user_id=1: (ListComponents) Component deleted
2021/12/23 10:24:33 user_id=1: (ModifyComponent) Component modified
2021/12/23 10:25:36 user_id=1: (ModifyComponent) Component modified
2021/12/23 10:30:38 user_id=1: (Login) logged in
2021/12/23 10:30:47 user_id=1: (AddUser) New user added
2021/12/23 10:30:52 user_id=8: (Login) logged in
2021/12/23 10:34:15 user_id=8: (Login) logged in
2021/12/23 10:38:55 user_id=1: (Login) logged in
2021/12/23 10:39:16 user_id=1: (AddUser) New user added
2021/12/23 10:39:24 user_id=9: (Login) logged in
2021/12/23 10:43:42 user_id=9: (DeleteUser) User deleted
2021/12/23 10:46:18 user_id=1: (Login) logged in
2021/12/23 10:46:49 user_id=1: (ChangePassword) Password changed
2021/12/23 10:48:20 user_id=8: (Login) logged in
2021/12/23 13:00:17 user_id=8: (Login) logged in
2021/12/23 13:00:25 user_id=1: (Login) logged in
2021/12/23 13:00:49 user_id=1: (ChangePassword) Password changed
2021/12/23 13:00:55 user_id=8: (Login) logged in
2021/12/23 13:01:15 user_id=8: (Login) logged in
2021/12/23 13:14:50 user_id=1: (Login) logged in
2021/12/23 13:15:51 user_id=1: (AddComponent) New component added
2021/12/23 13:16:03 user_id=1: (ModifyComponent) Component modified
2021/12/23 13:16:19 user_id=1: (ModifyComponent) Component modified
2021/12/23 13:16:27 user_id=1: (ModifyComponent) Component modified
